01:42:54 **** Incremental Build of configuration Debug for project adena_bnkteb_code ****
make all 
Building file: ../main.c
Invoking: AVR Compiler
avr-gcc -Wall -g2 -gstabs -O0 -fpack-struct -fshort-enums -ffunction-sections -fdata-sections -std=gnu99 -funsigned-char -funsigned-bitfields -mmcu=atmega16 -DF_CPU=1000000UL -MMD -MP -MF"main.d" -MT"main.o" -c -o "main.o" "../main.c"
In file included from ../micro_config.h:22,
                 from ../adc.h:16,
                 from ../main.c:9:
c:/winavr-20100110/lib/gcc/../../avr/include/util/delay.h:90:3: warning: #warning "Compiler optimizations disabled; functions from <util/delay.h> won't work as designed"
Finished building: ../main.c
 
Building target: adena_bnkteb_code.elf
Invoking: AVR C Linker
avr-gcc -Wl,-Map,adena_bnkteb_code.map -mmcu=atmega16 -o "adena_bnkteb_code.elf"  ./adc.o ./lcd.o ./main.o   
Finished building target: adena_bnkteb_code.elf
 
Invoking: AVR Create Extended Listing
avr-objdump -h -S adena_bnkteb_code.elf  >"adena_bnkteb_code.lss"
Finished building: adena_bnkteb_code.lss
 
Invoking: Print Size
avr-size --format=avr --mcu=atmega16 adena_bnkteb_code.elf
AVR Memory Usage
----------------
Device: atmega16

Program:    6390 bytes (39.0% Full)
(.text + .data + .bootloader)

Data:         22 bytes (2.1% Full)
(.data + .bss + .noinit)


Finished building: sizedummy
 
01:44:23 **** Incremental Build of configuration Debug for project adena_bnkteb_code ****
make all 
Building file: ../main.c
Invoking: AVR Compiler
avr-gcc -Wall -g2 -gstabs -O0 -fpack-struct -fshort-enums -ffunction-sections -fdata-sections -std=gnu99 -funsigned-char -funsigned-bitfields -mmcu=atmega16 -DF_CPU=1000000UL -MMD -MP -MF"main.d" -MT"main.o" -c -o "main.o" "../main.c"
In file included from ../micro_config.h:22,
                 from ../adc.h:16,
                 from ../main.c:9:
c:/winavr-20100110/lib/gcc/../../avr/include/util/delay.h:90:3: warning: #warning "Compiler optimizations disabled; functions from <util/delay.h> won't work as designed"
Finished building: ../main.c
 
Building target: adena_bnkteb_code.elf
Invoking: AVR C Linker
avr-gcc -Wl,-Map,adena_bnkteb_code.map -mmcu=atmega16 -o "adena_bnkteb_code.elf"  ./adc.o ./lcd.o ./main.o   
Finished building target: adena_bnkteb_code.elf
 
Invoking: AVR Create Extended Listing
avr-objdump -h -S adena_bnkteb_code.elf  >"adena_bnkteb_code.lss"
Finished building: adena_bnkteb_code.lss
 
Invoking: Print Size
avr-size --format=avr --mcu=atmega16 adena_bnkteb_code.elf
AVR Memory Usage
----------------
Device: atmega16

Program:    6390 bytes (39.0% Full)
(.text + .data + .bootloader)

Data:         22 bytes (2.1% Full)
(.data + .bss + .noinit)


Finished building: sizedummy
 
01:46:15 **** Incremental Build of configuration Debug for project adena_bnkteb_code ****
make all 
Building file: ../main.c
Invoking: AVR Compiler
avr-gcc -Wall -g2 -gstabs -O0 -fpack-struct -fshort-enums -ffunction-sections -fdata-sections -std=gnu99 -funsigned-char -funsigned-bitfields -mmcu=atmega16 -DF_CPU=1000000UL -MMD -MP -MF"main.d" -MT"main.o" -c -o "main.o" "../main.c"
In file included from ../micro_config.h:22,
                 from ../adc.h:16,
                 from ../main.c:9:
c:/winavr-20100110/lib/gcc/../../avr/include/util/delay.h:90:3: warning: #warning "Compiler optimizations disabled; functions from <util/delay.h> won't work as designed"
Finished building: ../main.c
 
Building target: adena_bnkteb_code.elf
Invoking: AVR C Linker
avr-gcc -Wl,-Map,adena_bnkteb_code.map -mmcu=atmega16 -o "adena_bnkteb_code.elf"  ./adc.o ./lcd.o ./main.o   
Finished building target: adena_bnkteb_code.elf
 
Invoking: AVR Create Extended Listing
avr-objdump -h -S adena_bnkteb_code.elf  >"adena_bnkteb_code.lss"
Finished building: adena_bnkteb_code.lss
 
Invoking: Print Size
avr-size --format=avr --mcu=atmega16 adena_bnkteb_code.elf
AVR Memory Usage
----------------
Device: atmega16

Program:    6390 bytes (39.0% Full)
(.text + .data + .bootloader)

Data:         22 bytes (2.1% Full)
(.data + .bss + .noinit)


Finished building: sizedummy
 
21:24:24 **** Incremental Build of configuration Debug for project adena_bnkteb_code ****
make all 
Building file: ../main.c
Invoking: AVR Compiler
avr-gcc -Wall -g2 -gstabs -O0 -fpack-struct -fshort-enums -ffunction-sections -fdata-sections -std=gnu99 -funsigned-char -funsigned-bitfields -mmcu=atmega16 -DF_CPU=1000000UL -MMD -MP -MF"main.d" -MT"main.o" -c -o "main.o" "../main.c"
In file included from ../micro_config.h:22,
                 from ../adc.h:16,
                 from ../main.c:9:
c:/winavr-20100110/lib/gcc/../../avr/include/util/delay.h:90:3: warning: #warning "Compiler optimizations disabled; functions from <util/delay.h> won't work as designed"
Finished building: ../main.c
 
Building target: adena_bnkteb_code.elf
Invoking: AVR C Linker
avr-gcc -Wl,-Map,adena_bnkteb_code.map -mmcu=atmega16 -o "adena_bnkteb_code.elf"  ./adc.o ./lcd.o ./main.o   
Finished building target: adena_bnkteb_code.elf
 
Invoking: AVR Create Extended Listing
avr-objdump -h -S adena_bnkteb_code.elf  >"adena_bnkteb_code.lss"
Finished building: adena_bnkteb_code.lss
 
Invoking: Print Size
avr-size --format=avr --mcu=atmega16 adena_bnkteb_code.elf
AVR Memory Usage
----------------
Device: atmega16

Program:    6390 bytes (39.0% Full)
(.text + .data + .bootloader)

Data:         22 bytes (2.1% Full)
(.data + .bss + .noinit)


Finished building: sizedummy
 
21:30:04 **** Incremental Build of configuration Debug for project adena_bnkteb_code ****
make all 
Building file: ../main.c
Invoking: AVR Compiler
avr-gcc -Wall -g2 -gstabs -O0 -fpack-struct -fshort-enums -ffunction-sections -fdata-sections -std=gnu99 -funsigned-char -funsigned-bitfields -mmcu=atmega16 -DF_CPU=1000000UL -MMD -MP -MF"main.d" -MT"main.o" -c -o "main.o" "../main.c"
In file included from ../micro_config.h:22,
                 from ../adc.h:16,
                 from ../main.c:9:
c:/winavr-20100110/lib/gcc/../../avr/include/util/delay.h:90:3: warning: #warning "Compiler optimizations disabled; functions from <util/delay.h> won't work as designed"
Finished building: ../main.c
 
Building target: adena_bnkteb_code.elf
Invoking: AVR C Linker
avr-gcc -Wl,-Map,adena_bnkteb_code.map -mmcu=atmega16 -o "adena_bnkteb_code.elf"  ./adc.o ./lcd.o ./main.o   
Finished building target: adena_bnkteb_code.elf
 
Invoking: AVR Create Extended Listing
avr-objdump -h -S adena_bnkteb_code.elf  >"adena_bnkteb_code.lss"
Finished building: adena_bnkteb_code.lss
 
Invoking: Print Size
avr-size --format=avr --mcu=atmega16 adena_bnkteb_code.elf
AVR Memory Usage
----------------
Device: atmega16

Program:    6390 bytes (39.0% Full)
(.text + .data + .bootloader)

Data:         22 bytes (2.1% Full)
(.data + .bss + .noinit)


Finished building: sizedummy
 
21:42:21 **** Incremental Build of configuration Debug for project adena_bnkteb_code ****
make all 
Building file: ../main.c
Invoking: AVR Compiler
avr-gcc -Wall -g2 -gstabs -O0 -fpack-struct -fshort-enums -ffunction-sections -fdata-sections -std=gnu99 -funsigned-char -funsigned-bitfields -mmcu=atmega16 -DF_CPU=1000000UL -MMD -MP -MF"main.d" -MT"main.o" -c -o "main.o" "../main.c"
In file included from ../micro_config.h:22,
                 from ../adc.h:16,
                 from ../main.c:9:
c:/winavr-20100110/lib/gcc/../../avr/include/util/delay.h:90:3: warning: #warning "Compiler optimizations disabled; functions from <util/delay.h> won't work as designed"
Finished building: ../main.c
 
Building target: adena_bnkteb_code.elf
Invoking: AVR C Linker
avr-gcc -Wl,-Map,adena_bnkteb_code.map -mmcu=atmega16 -o "adena_bnkteb_code.elf"  ./adc.o ./lcd.o ./main.o   
Finished building target: adena_bnkteb_code.elf
 
Invoking: AVR Create Extended Listing
avr-objdump -h -S adena_bnkteb_code.elf  >"adena_bnkteb_code.lss"
Finished building: adena_bnkteb_code.lss
 
Invoking: Print Size
avr-size --format=avr --mcu=atmega16 adena_bnkteb_code.elf
AVR Memory Usage
----------------
Device: atmega16

Program:    6336 bytes (38.7% Full)
(.text + .data + .bootloader)

Data:         22 bytes (2.1% Full)
(.data + .bss + .noinit)


Finished building: sizedummy
 
21:45:02 **** Incremental Build of configuration Debug for project adena_bnkteb_code ****
make all 
Building file: ../main.c
Invoking: AVR Compiler
avr-gcc -Wall -g2 -gstabs -O0 -fpack-struct -fshort-enums -ffunction-sections -fdata-sections -std=gnu99 -funsigned-char -funsigned-bitfields -mmcu=atmega16 -DF_CPU=1000000UL -MMD -MP -MF"main.d" -MT"main.o" -c -o "main.o" "../main.c"
In file included from ../micro_config.h:22,
                 from ../adc.h:16,
                 from ../main.c:9:
c:/winavr-20100110/lib/gcc/../../avr/include/util/delay.h:90:3: warning: #warning "Compiler optimizations disabled; functions from <util/delay.h> won't work as designed"
Finished building: ../main.c
 
Building target: adena_bnkteb_code.elf
Invoking: AVR C Linker
avr-gcc -Wl,-Map,adena_bnkteb_code.map -mmcu=atmega16 -o "adena_bnkteb_code.elf"  ./adc.o ./lcd.o ./main.o   
Finished building target: adena_bnkteb_code.elf
 
Invoking: AVR Create Extended Listing
avr-objdump -h -S adena_bnkteb_code.elf  >"adena_bnkteb_code.lss"
Finished building: adena_bnkteb_code.lss
 
Invoking: Print Size
avr-size --format=avr --mcu=atmega16 adena_bnkteb_code.elf
AVR Memory Usage
----------------
Device: atmega16

Program:    6390 bytes (39.0% Full)
(.text + .data + .bootloader)

Data:         22 bytes (2.1% Full)
(.data + .bss + .noinit)


Finished building: sizedummy
 
21:47:18 **** Incremental Build of configuration Debug for project adena_bnkteb_code ****
make all 
Building file: ../main.c
Invoking: AVR Compiler
avr-gcc -Wall -g2 -gstabs -O0 -fpack-struct -fshort-enums -ffunction-sections -fdata-sections -std=gnu99 -funsigned-char -funsigned-bitfields -mmcu=atmega16 -DF_CPU=1000000UL -MMD -MP -MF"main.d" -MT"main.o" -c -o "main.o" "../main.c"
In file included from ../micro_config.h:22,
                 from ../adc.h:16,
                 from ../main.c:9:
c:/winavr-20100110/lib/gcc/../../avr/include/util/delay.h:90:3: warning: #warning "Compiler optimizations disabled; functions from <util/delay.h> won't work as designed"
Finished building: ../main.c
 
Building target: adena_bnkteb_code.elf
Invoking: AVR C Linker
avr-gcc -Wl,-Map,adena_bnkteb_code.map -mmcu=atmega16 -o "adena_bnkteb_code.elf"  ./adc.o ./lcd.o ./main.o   
Finished building target: adena_bnkteb_code.elf
 
Invoking: AVR Create Extended Listing
avr-objdump -h -S adena_bnkteb_code.elf  >"adena_bnkteb_code.lss"
Finished building: adena_bnkteb_code.lss
 
Invoking: Print Size
avr-size --format=avr --mcu=atmega16 adena_bnkteb_code.elf
AVR Memory Usage
----------------
Device: atmega16

Program:    6390 bytes (39.0% Full)
(.text + .data + .bootloader)

Data:         22 bytes (2.1% Full)
(.data + .bss + .noinit)


Finished building: sizedummy
 
21:50:35 **** Incremental Build of configuration Debug for project adena_bnkteb_code ****
make all 
Building file: ../main.c
Invoking: AVR Compiler
avr-gcc -Wall -g2 -gstabs -O0 -fpack-struct -fshort-enums -ffunction-sections -fdata-sections -std=gnu99 -funsigned-char -funsigned-bitfields -mmcu=atmega16 -DF_CPU=1000000UL -MMD -MP -MF"main.d" -MT"main.o" -c -o "main.o" "../main.c"
In file included from ../micro_config.h:22,
                 from ../adc.h:16,
                 from ../main.c:9:
c:/winavr-20100110/lib/gcc/../../avr/include/util/delay.h:90:3: warning: #warning "Compiler optimizations disabled; functions from <util/delay.h> won't work as designed"
Finished building: ../main.c
 
Building target: adena_bnkteb_code.elf
Invoking: AVR C Linker
avr-gcc -Wl,-Map,adena_bnkteb_code.map -mmcu=atmega16 -o "adena_bnkteb_code.elf"  ./adc.o ./lcd.o ./main.o   
Finished building target: adena_bnkteb_code.elf
 
Invoking: AVR Create Extended Listing
avr-objdump -h -S adena_bnkteb_code.elf  >"adena_bnkteb_code.lss"
Finished building: adena_bnkteb_code.lss
 
Invoking: Print Size
avr-size --format=avr --mcu=atmega16 adena_bnkteb_code.elf
AVR Memory Usage
----------------
Device: atmega16

Program:    6410 bytes (39.1% Full)
(.text + .data + .bootloader)

Data:         23 bytes (2.2% Full)
(.data + .bss + .noinit)


Finished building: sizedummy
 
21:51:02 **** Incremental Build of configuration Debug for project adena_bnkteb_code ****
make all 
Building file: ../main.c
Invoking: AVR Compiler
avr-gcc -Wall -g2 -gstabs -O0 -fpack-struct -fshort-enums -ffunction-sections -fdata-sections -std=gnu99 -funsigned-char -funsigned-bitfields -mmcu=atmega16 -DF_CPU=1000000UL -MMD -MP -MF"main.d" -MT"main.o" -c -o "main.o" "../main.c"
In file included from ../micro_config.h:22,
                 from ../adc.h:16,
                 from ../main.c:9:
c:/winavr-20100110/lib/gcc/../../avr/include/util/delay.h:90:3: warning: #warning "Compiler optimizations disabled; functions from <util/delay.h> won't work as designed"
Finished building: ../main.c
 
Building target: adena_bnkteb_code.elf
Invoking: AVR C Linker
avr-gcc -Wl,-Map,adena_bnkteb_code.map -mmcu=atmega16 -o "adena_bnkteb_code.elf"  ./adc.o ./lcd.o ./main.o   
Finished building target: adena_bnkteb_code.elf
 
Invoking: AVR Create Extended Listing
avr-objdump -h -S adena_bnkteb_code.elf  >"adena_bnkteb_code.lss"
Finished building: adena_bnkteb_code.lss
 
Invoking: Print Size
avr-size --format=avr --mcu=atmega16 adena_bnkteb_code.elf
AVR Memory Usage
----------------
Device: atmega16

Program:    6424 bytes (39.2% Full)
(.text + .data + .bootloader)

Data:         23 bytes (2.2% Full)
(.data + .bss + .noinit)


Finished building: sizedummy
 
21:56:37 **** Incremental Build of configuration Debug for project adena_bnkteb_code ****
make all 
Building file: ../main.c
Invoking: AVR Compiler
avr-gcc -Wall -g2 -gstabs -O0 -fpack-struct -fshort-enums -ffunction-sections -fdata-sections -std=gnu99 -funsigned-char -funsigned-bitfields -mmcu=atmega16 -DF_CPU=1000000UL -MMD -MP -MF"main.d" -MT"main.o" -c -o "main.o" "../main.c"
In file included from ../micro_config.h:22,
                 from ../adc.h:16,
                 from ../main.c:9:
c:/winavr-20100110/lib/gcc/../../avr/include/util/delay.h:90:3: warning: #warning "Compiler optimizations disabled; functions from <util/delay.h> won't work as designed"
Finished building: ../main.c
 
Building target: adena_bnkteb_code.elf
Invoking: AVR C Linker
avr-gcc -Wl,-Map,adena_bnkteb_code.map -mmcu=atmega16 -o "adena_bnkteb_code.elf"  ./adc.o ./lcd.o ./main.o   
Finished building target: adena_bnkteb_code.elf
 
Invoking: AVR Create Extended Listing
avr-objdump -h -S adena_bnkteb_code.elf  >"adena_bnkteb_code.lss"
Finished building: adena_bnkteb_code.lss
 
Invoking: Print Size
avr-size --format=avr --mcu=atmega16 adena_bnkteb_code.elf
AVR Memory Usage
----------------
Device: atmega16

Program:    6390 bytes (39.0% Full)
(.text + .data + .bootloader)

Data:         22 bytes (2.1% Full)
(.data + .bss + .noinit)


Finished building: sizedummy
 
22:00:48 **** Incremental Build of configuration Debug for project adena_bnkteb_code ****
make all 
Building file: ../main.c
Invoking: AVR Compiler
avr-gcc -Wall -g2 -gstabs -O0 -fpack-struct -fshort-enums -ffunction-sections -fdata-sections -std=gnu99 -funsigned-char -funsigned-bitfields -mmcu=atmega16 -DF_CPU=1000000UL -MMD -MP -MF"main.d" -MT"main.o" -c -o "main.o" "../main.c"
In file included from ../micro_config.h:22,
                 from ../adc.h:16,
                 from ../main.c:9:
c:/winavr-20100110/lib/gcc/../../avr/include/util/delay.h:90:3: warning: #warning "Compiler optimizations disabled; functions from <util/delay.h> won't work as designed"
Finished building: ../main.c
 
Building target: adena_bnkteb_code.elf
Invoking: AVR C Linker
avr-gcc -Wl,-Map,adena_bnkteb_code.map -mmcu=atmega16 -o "adena_bnkteb_code.elf"  ./adc.o ./lcd.o ./main.o   
Finished building target: adena_bnkteb_code.elf
 
Invoking: AVR Create Extended Listing
avr-objdump -h -S adena_bnkteb_code.elf  >"adena_bnkteb_code.lss"
Finished building: adena_bnkteb_code.lss
 
Invoking: Print Size
avr-size --format=avr --mcu=atmega16 adena_bnkteb_code.elf
AVR Memory Usage
----------------
Device: atmega16

Program:    6390 bytes (39.0% Full)
(.text + .data + .bootloader)

Data:         22 bytes (2.1% Full)
(.data + .bss + .noinit)


Finished building: sizedummy
 
22:01:47 **** Incremental Build of configuration Debug for project adena_bnkteb_code ****
make all 
Building file: ../main.c
Invoking: AVR Compiler
avr-gcc -Wall -g2 -gstabs -O0 -fpack-struct -fshort-enums -ffunction-sections -fdata-sections -std=gnu99 -funsigned-char -funsigned-bitfields -mmcu=atmega16 -DF_CPU=1000000UL -MMD -MP -MF"main.d" -MT"main.o" -c -o "main.o" "../main.c"
In file included from ../micro_config.h:22,
                 from ../adc.h:16,
                 from ../main.c:9:
c:/winavr-20100110/lib/gcc/../../avr/include/util/delay.h:90:3: warning: #warning "Compiler optimizations disabled; functions from <util/delay.h> won't work as designed"
../main.c: In function '__vector_19':
../main.c:47: error: too few arguments to function 'motor_direction'
make: *** [main.o] Error 1
"make all" terminated with exit code 2. Build might be incomplete.
22:03:45 **** Incremental Build of configuration Debug for project adena_bnkteb_code ****
make all 
Building file: ../main.c
Invoking: AVR Compiler
avr-gcc -Wall -g2 -gstabs -O0 -fpack-struct -fshort-enums -ffunction-sections -fdata-sections -std=gnu99 -funsigned-char -funsigned-bitfields -mmcu=atmega16 -DF_CPU=1000000UL -MMD -MP -MF"main.d" -MT"main.o" -c -o "main.o" "../main.c"
In file included from ../micro_config.h:22,
                 from ../adc.h:16,
                 from ../main.c:9:
c:/winavr-20100110/lib/gcc/../../avr/include/util/delay.h:90:3: warning: #warning "Compiler optimizations disabled; functions from <util/delay.h> won't work as designed"
Finished building: ../main.c
 
Building target: adena_bnkteb_code.elf
Invoking: AVR C Linker
avr-gcc -Wl,-Map,adena_bnkteb_code.map -mmcu=atmega16 -o "adena_bnkteb_code.elf"  ./adc.o ./lcd.o ./main.o   
Finished building target: adena_bnkteb_code.elf
 
Invoking: AVR Create Extended Listing
avr-objdump -h -S adena_bnkteb_code.elf  >"adena_bnkteb_code.lss"
Finished building: adena_bnkteb_code.lss
 
Invoking: Print Size
avr-size --format=avr --mcu=atmega16 adena_bnkteb_code.elf
AVR Memory Usage
----------------
Device: atmega16

Program:    6390 bytes (39.0% Full)
(.text + .data + .bootloader)

Data:         22 bytes (2.1% Full)
(.data + .bss + .noinit)


Finished building: sizedummy
 
22:11:22 **** Incremental Build of configuration Debug for project adena_bnkteb_code ****
make all 
Building file: ../main.c
Invoking: AVR Compiler
avr-gcc -Wall -g2 -gstabs -O0 -fpack-struct -fshort-enums -ffunction-sections -fdata-sections -std=gnu99 -funsigned-char -funsigned-bitfields -mmcu=atmega16 -DF_CPU=1000000UL -MMD -MP -MF"main.d" -MT"main.o" -c -o "main.o" "../main.c"
In file included from ../micro_config.h:22,
                 from ../adc.h:16,
                 from ../main.c:9:
c:/winavr-20100110/lib/gcc/../../avr/include/util/delay.h:90:3: warning: #warning "Compiler optimizations disabled; functions from <util/delay.h> won't work as designed"
Finished building: ../main.c
 
Building target: adena_bnkteb_code.elf
Invoking: AVR C Linker
avr-gcc -Wl,-Map,adena_bnkteb_code.map -mmcu=atmega16 -o "adena_bnkteb_code.elf"  ./adc.o ./lcd.o ./main.o   
Finished building target: adena_bnkteb_code.elf
 
Invoking: AVR Create Extended Listing
avr-objdump -h -S adena_bnkteb_code.elf  >"adena_bnkteb_code.lss"
Finished building: adena_bnkteb_code.lss
 
Invoking: Print Size
avr-size --format=avr --mcu=atmega16 adena_bnkteb_code.elf
AVR Memory Usage
----------------
Device: atmega16

Program:    6438 bytes (39.3% Full)
(.text + .data + .bootloader)

Data:         23 bytes (2.2% Full)
(.data + .bss + .noinit)


Finished building: sizedummy
 
22:15:41 **** Incremental Build of configuration Debug for project adena_bnkteb_code ****
make all 
Building file: ../main.c
Invoking: AVR Compiler
avr-gcc -Wall -g2 -gstabs -O0 -fpack-struct -fshort-enums -ffunction-sections -fdata-sections -std=gnu99 -funsigned-char -funsigned-bitfields -mmcu=atmega16 -DF_CPU=1000000UL -MMD -MP -MF"main.d" -MT"main.o" -c -o "main.o" "../main.c"
In file included from ../micro_config.h:22,
                 from ../adc.h:16,
                 from ../main.c:9:
c:/winavr-20100110/lib/gcc/../../avr/include/util/delay.h:90:3: warning: #warning "Compiler optimizations disabled; functions from <util/delay.h> won't work as designed"
Finished building: ../main.c
 
Building target: adena_bnkteb_code.elf
Invoking: AVR C Linker
avr-gcc -Wl,-Map,adena_bnkteb_code.map -mmcu=atmega16 -o "adena_bnkteb_code.elf"  ./adc.o ./lcd.o ./main.o   
Finished building target: adena_bnkteb_code.elf
 
Invoking: AVR Create Extended Listing
avr-objdump -h -S adena_bnkteb_code.elf  >"adena_bnkteb_code.lss"
Finished building: adena_bnkteb_code.lss
 
Invoking: Print Size
avr-size --format=avr --mcu=atmega16 adena_bnkteb_code.elf
AVR Memory Usage
----------------
Device: atmega16

Program:    6438 bytes (39.3% Full)
(.text + .data + .bootloader)

Data:         23 bytes (2.2% Full)
(.data + .bss + .noinit)


Finished building: sizedummy
 
22:18:35 **** Incremental Build of configuration Debug for project adena_bnkteb_code ****
make all 
Building file: ../main.c
Invoking: AVR Compiler
avr-gcc -Wall -g2 -gstabs -O0 -fpack-struct -fshort-enums -ffunction-sections -fdata-sections -std=gnu99 -funsigned-char -funsigned-bitfields -mmcu=atmega16 -DF_CPU=1000000UL -MMD -MP -MF"main.d" -MT"main.o" -c -o "main.o" "../main.c"
In file included from ../micro_config.h:22,
                 from ../adc.h:16,
                 from ../main.c:9:
c:/winavr-20100110/lib/gcc/../../avr/include/util/delay.h:90:3: warning: #warning "Compiler optimizations disabled; functions from <util/delay.h> won't work as designed"
Finished building: ../main.c
 
Building target: adena_bnkteb_code.elf
Invoking: AVR C Linker
avr-gcc -Wl,-Map,adena_bnkteb_code.map -mmcu=atmega16 -o "adena_bnkteb_code.elf"  ./adc.o ./lcd.o ./main.o   
Finished building target: adena_bnkteb_code.elf
 
Invoking: AVR Create Extended Listing
avr-objdump -h -S adena_bnkteb_code.elf  >"adena_bnkteb_code.lss"
Finished building: adena_bnkteb_code.lss
 
Invoking: Print Size
avr-size --format=avr --mcu=atmega16 adena_bnkteb_code.elf
AVR Memory Usage
----------------
Device: atmega16

Program:    6406 bytes (39.1% Full)
(.text + .data + .bootloader)

Data:         23 bytes (2.2% Full)
(.data + .bss + .noinit)


Finished building: sizedummy
 
22:22:37 **** Incremental Build of configuration Debug for project adena_bnkteb_code ****
make all 
Building file: ../main.c
Invoking: AVR Compiler
avr-gcc -Wall -g2 -gstabs -O0 -fpack-struct -fshort-enums -ffunction-sections -fdata-sections -std=gnu99 -funsigned-char -funsigned-bitfields -mmcu=atmega16 -DF_CPU=1000000UL -MMD -MP -MF"main.d" -MT"main.o" -c -o "main.o" "../main.c"
In file included from ../micro_config.h:22,
                 from ../adc.h:16,
                 from ../main.c:9:
c:/winavr-20100110/lib/gcc/../../avr/include/util/delay.h:90:3: warning: #warning "Compiler optimizations disabled; functions from <util/delay.h> won't work as designed"
../main.c: In function 'motor_direction':
../main.c:19: warning: type of 'dir' defaults to 'int'
Finished building: ../main.c
 
Building target: adena_bnkteb_code.elf
Invoking: AVR C Linker
avr-gcc -Wl,-Map,adena_bnkteb_code.map -mmcu=atmega16 -o "adena_bnkteb_code.elf"  ./adc.o ./lcd.o ./main.o   
Finished building target: adena_bnkteb_code.elf
 
Invoking: AVR Create Extended Listing
avr-objdump -h -S adena_bnkteb_code.elf  >"adena_bnkteb_code.lss"
Finished building: adena_bnkteb_code.lss
 
Invoking: Print Size
avr-size --format=avr --mcu=atmega16 adena_bnkteb_code.elf
AVR Memory Usage
----------------
Device: atmega16

Program:    6446 bytes (39.3% Full)
(.text + .data + .bootloader)

Data:         23 bytes (2.2% Full)
(.data + .bss + .noinit)


Finished building: sizedummy
 
22:23:39 **** Incremental Build of configuration Debug for project adena_bnkteb_code ****
make all 
Building file: ../main.c
Invoking: AVR Compiler
avr-gcc -Wall -g2 -gstabs -O0 -fpack-struct -fshort-enums -ffunction-sections -fdata-sections -std=gnu99 -funsigned-char -funsigned-bitfields -mmcu=atmega16 -DF_CPU=1000000UL -MMD -MP -MF"main.d" -MT"main.o" -c -o "main.o" "../main.c"
In file included from ../micro_config.h:22,
                 from ../adc.h:16,
                 from ../main.c:9:
c:/winavr-20100110/lib/gcc/../../avr/include/util/delay.h:90:3: warning: #warning "Compiler optimizations disabled; functions from <util/delay.h> won't work as designed"
../main.c: In function 'motor_direction':
../main.c:19: warning: type of 'dir' defaults to 'int'
Finished building: ../main.c
 
Building target: adena_bnkteb_code.elf
Invoking: AVR C Linker
avr-gcc -Wl,-Map,adena_bnkteb_code.map -mmcu=atmega16 -o "adena_bnkteb_code.elf"  ./adc.o ./lcd.o ./main.o   
Finished building target: adena_bnkteb_code.elf
 
Invoking: AVR Create Extended Listing
avr-objdump -h -S adena_bnkteb_code.elf  >"adena_bnkteb_code.lss"
Finished building: adena_bnkteb_code.lss
 
Invoking: Print Size
avr-size --format=avr --mcu=atmega16 adena_bnkteb_code.elf
AVR Memory Usage
----------------
Device: atmega16

Program:    6454 bytes (39.4% Full)
(.text + .data + .bootloader)

Data:         23 bytes (2.2% Full)
(.data + .bss + .noinit)


Finished building: sizedummy
 
22:26:51 **** Incremental Build of configuration Debug for project adena_bnkteb_code ****
make all 
Building file: ../main.c
Invoking: AVR Compiler
avr-gcc -Wall -g2 -gstabs -O0 -fpack-struct -fshort-enums -ffunction-sections -fdata-sections -std=gnu99 -funsigned-char -funsigned-bitfields -mmcu=atmega16 -DF_CPU=1000000UL -MMD -MP -MF"main.d" -MT"main.o" -c -o "main.o" "../main.c"
In file included from ../micro_config.h:22,
                 from ../adc.h:16,
                 from ../main.c:9:
c:/winavr-20100110/lib/gcc/../../avr/include/util/delay.h:90:3: warning: #warning "Compiler optimizations disabled; functions from <util/delay.h> won't work as designed"
../main.c: In function 'motor_direction':
../main.c:19: warning: type of 'dir' defaults to 'int'
Finished building: ../main.c
 
Building target: adena_bnkteb_code.elf
Invoking: AVR C Linker
avr-gcc -Wl,-Map,adena_bnkteb_code.map -mmcu=atmega16 -o "adena_bnkteb_code.elf"  ./adc.o ./lcd.o ./main.o   
Finished building target: adena_bnkteb_code.elf
 
Invoking: AVR Create Extended Listing
avr-objdump -h -S adena_bnkteb_code.elf  >"adena_bnkteb_code.lss"
Finished building: adena_bnkteb_code.lss
 
Invoking: Print Size
avr-size --format=avr --mcu=atmega16 adena_bnkteb_code.elf
AVR Memory Usage
----------------
Device: atmega16

Program:    6462 bytes (39.4% Full)
(.text + .data + .bootloader)

Data:         23 bytes (2.2% Full)
(.data + .bss + .noinit)


Finished building: sizedummy
 
22:27:03 **** Incremental Build of configuration Debug for project adena_bnkteb_code ****
make all 
Invoking: Print Size
avr-size --format=avr --mcu=atmega16 adena_bnkteb_code.elf
AVR Memory Usage
----------------
Device: atmega16

Program:    6462 bytes (39.4% Full)
(.text + .data + .bootloader)

Data:         23 bytes (2.2% Full)
(.data + .bss + .noinit)


Finished building: sizedummy
 
22:29:05 **** Incremental Build of configuration Debug for project adena_bnkteb_code ****
make all 
Building file: ../main.c
Invoking: AVR Compiler
avr-gcc -Wall -g2 -gstabs -O0 -fpack-struct -fshort-enums -ffunction-sections -fdata-sections -std=gnu99 -funsigned-char -funsigned-bitfields -mmcu=atmega16 -DF_CPU=1000000UL -MMD -MP -MF"main.d" -MT"main.o" -c -o "main.o" "../main.c"
In file included from ../micro_config.h:22,
                 from ../adc.h:16,
                 from ../main.c:9:
c:/winavr-20100110/lib/gcc/../../avr/include/util/delay.h:90:3: warning: #warning "Compiler optimizations disabled; functions from <util/delay.h> won't work as designed"
../main.c: In function 'motor_direction':
../main.c:19: warning: type of 'dir' defaults to 'int'
Finished building: ../main.c
 
Building target: adena_bnkteb_code.elf
Invoking: AVR C Linker
avr-gcc -Wl,-Map,adena_bnkteb_code.map -mmcu=atmega16 -o "adena_bnkteb_code.elf"  ./adc.o ./lcd.o ./main.o   
Finished building target: adena_bnkteb_code.elf
 
Invoking: AVR Create Extended Listing
avr-objdump -h -S adena_bnkteb_code.elf  >"adena_bnkteb_code.lss"
Finished building: adena_bnkteb_code.lss
 
Invoking: Print Size
avr-size --format=avr --mcu=atmega16 adena_bnkteb_code.elf
AVR Memory Usage
----------------
Device: atmega16

Program:    6466 bytes (39.5% Full)
(.text + .data + .bootloader)

Data:         23 bytes (2.2% Full)
(.data + .bss + .noinit)


Finished building: sizedummy
 
22:31:37 **** Incremental Build of configuration Debug for project adena_bnkteb_code ****
make all 
Building file: ../main.c
Invoking: AVR Compiler
avr-gcc -Wall -g2 -gstabs -O0 -fpack-struct -fshort-enums -ffunction-sections -fdata-sections -std=gnu99 -funsigned-char -funsigned-bitfields -mmcu=atmega16 -DF_CPU=1000000UL -MMD -MP -MF"main.d" -MT"main.o" -c -o "main.o" "../main.c"
In file included from ../micro_config.h:22,
                 from ../adc.h:16,
                 from ../main.c:9:
c:/winavr-20100110/lib/gcc/../../avr/include/util/delay.h:90:3: warning: #warning "Compiler optimizations disabled; functions from <util/delay.h> won't work as designed"
Finished building: ../main.c
 
Building target: adena_bnkteb_code.elf
Invoking: AVR C Linker
avr-gcc -Wl,-Map,adena_bnkteb_code.map -mmcu=atmega16 -o "adena_bnkteb_code.elf"  ./adc.o ./lcd.o ./main.o   
Finished building target: adena_bnkteb_code.elf
 
Invoking: AVR Create Extended Listing
avr-objdump -h -S adena_bnkteb_code.elf  >"adena_bnkteb_code.lss"
Finished building: adena_bnkteb_code.lss
 
Invoking: Print Size
avr-size --format=avr --mcu=atmega16 adena_bnkteb_code.elf
AVR Memory Usage
----------------
Device: atmega16

Program:    6458 bytes (39.4% Full)
(.text + .data + .bootloader)

Data:         23 bytes (2.2% Full)
(.data + .bss + .noinit)


Finished building: sizedummy
 
22:35:30 **** Incremental Build of configuration Debug for project adena_bnkteb_code ****
make all 
Building file: ../main.c
Invoking: AVR Compiler
avr-gcc -Wall -g2 -gstabs -O0 -fpack-struct -fshort-enums -ffunction-sections -fdata-sections -std=gnu99 -funsigned-char -funsigned-bitfields -mmcu=atmega16 -DF_CPU=1000000UL -MMD -MP -MF"main.d" -MT"main.o" -c -o "main.o" "../main.c"
In file included from ../micro_config.h:22,
                 from ../adc.h:16,
                 from ../main.c:9:
c:/winavr-20100110/lib/gcc/../../avr/include/util/delay.h:90:3: warning: #warning "Compiler optimizations disabled; functions from <util/delay.h> won't work as designed"
Finished building: ../main.c
 
Building target: adena_bnkteb_code.elf
Invoking: AVR C Linker
avr-gcc -Wl,-Map,adena_bnkteb_code.map -mmcu=atmega16 -o "adena_bnkteb_code.elf"  ./adc.o ./lcd.o ./main.o   
Finished building target: adena_bnkteb_code.elf
 
Invoking: AVR Create Extended Listing
avr-objdump -h -S adena_bnkteb_code.elf  >"adena_bnkteb_code.lss"
Finished building: adena_bnkteb_code.lss
 
Invoking: Print Size
avr-size --format=avr --mcu=atmega16 adena_bnkteb_code.elf
AVR Memory Usage
----------------
Device: atmega16

Program:    6408 bytes (39.1% Full)
(.text + .data + .bootloader)

Data:         23 bytes (2.2% Full)
(.data + .bss + .noinit)


Finished building: sizedummy
 
13:32:46 **** Incremental Build of configuration Debug for project adena_bnkteb_code ****
make all 
Building file: ../main.c
Invoking: AVR Compiler
avr-gcc -Wall -g2 -gstabs -O0 -fpack-struct -fshort-enums -ffunction-sections -fdata-sections -std=gnu99 -funsigned-char -funsigned-bitfields -mmcu=atmega16 -DF_CPU=1000000UL -MMD -MP -MF"main.d" -MT"main.o" -c -o "main.o" "../main.c"
In file included from ../micro_config.h:22,
                 from ../adc.h:16,
                 from ../main.c:9:
c:/winavr-20100110/lib/gcc/../../avr/include/util/delay.h:90:3: warning: #warning "Compiler optimizations disabled; functions from <util/delay.h> won't work as designed"
Finished building: ../main.c
 
Building target: adena_bnkteb_code.elf
Invoking: AVR C Linker
avr-gcc -Wl,-Map,adena_bnkteb_code.map -mmcu=atmega16 -o "adena_bnkteb_code.elf"  ./adc.o ./lcd.o ./main.o   
Finished building target: adena_bnkteb_code.elf
 
Invoking: AVR Create Extended Listing
avr-objdump -h -S adena_bnkteb_code.elf  >"adena_bnkteb_code.lss"
Finished building: adena_bnkteb_code.lss
 
Invoking: Print Size
avr-size --format=avr --mcu=atmega16 adena_bnkteb_code.elf
AVR Memory Usage
----------------
Device: atmega16

Program:    6408 bytes (39.1% Full)
(.text + .data + .bootloader)

Data:         23 bytes (2.2% Full)
(.data + .bss + .noinit)


Finished building: sizedummy
 
13:35:51 **** Incremental Build of configuration Debug for project adena_bnkteb_code ****
make all 
Building file: ../main.c
Invoking: AVR Compiler
avr-gcc -Wall -g2 -gstabs -O0 -fpack-struct -fshort-enums -ffunction-sections -fdata-sections -std=gnu99 -funsigned-char -funsigned-bitfields -mmcu=atmega16 -DF_CPU=1000000UL -MMD -MP -MF"main.d" -MT"main.o" -c -o "main.o" "../main.c"
In file included from ../micro_config.h:22,
                 from ../adc.h:16,
                 from ../main.c:9:
c:/winavr-20100110/lib/gcc/../../avr/include/util/delay.h:90:3: warning: #warning "Compiler optimizations disabled; functions from <util/delay.h> won't work as designed"
Finished building: ../main.c
 
Building target: adena_bnkteb_code.elf
Invoking: AVR C Linker
avr-gcc -Wl,-Map,adena_bnkteb_code.map -mmcu=atmega16 -o "adena_bnkteb_code.elf"  ./adc.o ./lcd.o ./main.o   
Finished building target: adena_bnkteb_code.elf
 
Invoking: AVR Create Extended Listing
avr-objdump -h -S adena_bnkteb_code.elf  >"adena_bnkteb_code.lss"
Finished building: adena_bnkteb_code.lss
 
Invoking: Print Size
avr-size --format=avr --mcu=atmega16 adena_bnkteb_code.elf
AVR Memory Usage
----------------
Device: atmega16

Program:    6408 bytes (39.1% Full)
(.text + .data + .bootloader)

Data:         23 bytes (2.2% Full)
(.data + .bss + .noinit)


Finished building: sizedummy
 
13:36:11 **** Incremental Build of configuration Debug for project adena_bnkteb_code ****
make all 
Invoking: Print Size
avr-size --format=avr --mcu=atmega16 adena_bnkteb_code.elf
AVR Memory Usage
----------------
Device: atmega16

Program:    6408 bytes (39.1% Full)
(.text + .data + .bootloader)

Data:         23 bytes (2.2% Full)
(.data + .bss + .noinit)


Finished building: sizedummy
 
15:41:36 **** Incremental Build of configuration Debug for project adena_bnkteb_code ****
make all 
Building file: ../main.c
Invoking: AVR Compiler
avr-gcc -Wall -g2 -gstabs -O0 -fpack-struct -fshort-enums -ffunction-sections -fdata-sections -std=gnu99 -funsigned-char -funsigned-bitfields -mmcu=atmega16 -DF_CPU=1000000UL -MMD -MP -MF"main.d" -MT"main.o" -c -o "main.o" "../main.c"
In file included from ../micro_config.h:22,
                 from ../adc.h:16,
                 from ../main.c:9:
c:/winavr-20100110/lib/gcc/../../avr/include/util/delay.h:90:3: warning: #warning "Compiler optimizations disabled; functions from <util/delay.h> won't work as designed"
Finished building: ../main.c
 
Building target: adena_bnkteb_code.elf
Invoking: AVR C Linker
avr-gcc -Wl,-Map,adena_bnkteb_code.map -mmcu=atmega16 -o "adena_bnkteb_code.elf"  ./adc.o ./lcd.o ./main.o   
Finished building target: adena_bnkteb_code.elf
 
Invoking: AVR Create Extended Listing
avr-objdump -h -S adena_bnkteb_code.elf  >"adena_bnkteb_code.lss"
Finished building: adena_bnkteb_code.lss
 
Invoking: Print Size
avr-size --format=avr --mcu=atmega16 adena_bnkteb_code.elf
AVR Memory Usage
----------------
Device: atmega16

Program:    6392 bytes (39.0% Full)
(.text + .data + .bootloader)

Data:         22 bytes (2.1% Full)
(.data + .bss + .noinit)


Finished building: sizedummy
 
15:41:43 **** Incremental Build of configuration Debug for project adena_bnkteb_code ****
make all 
Invoking: Print Size
avr-size --format=avr --mcu=atmega16 adena_bnkteb_code.elf
AVR Memory Usage
----------------
Device: atmega16

Program:    6392 bytes (39.0% Full)
(.text + .data + .bootloader)

Data:         22 bytes (2.1% Full)
(.data + .bss + .noinit)


Finished building: sizedummy
 
